<?xml version="1.0" encoding="UTF-8"?>
<!-- Generated by org.testng.reporters.JUnitXMLReporter -->
<testsuite ignored="0" hostname="ahmets-MacBook-Pro.local" failures="1" tests="1" name="Command line test" time="0.018" errors="0" timestamp="2022-08-21T13:59:15 CEST">
  <testcase classname="tests.AmazonTest" name="test01" time="0.006">
    <failure type="java.lang.NullPointerException" message="Cannot invoke &amp;quot;java.util.Properties.getProperty(String)&amp;quot; because &amp;quot;utilities.ConfigReader.properties&amp;quot; is null">
      <![CDATA[java.lang.NullPointerException: Cannot invoke "java.util.Properties.getProperty(String)" because "utilities.ConfigReader.properties" is null
at utilities.ConfigReader.getProperty(ConfigReader.java:34)
at utilities.Driver.getDriver(Driver.java:24)
at tests.AmazonTest.test01(AmazonTest.java:11)
at java.base/java.util.ArrayList.forEach(ArrayList.java:1511)
... Removed 32 stack frames]]>
    </failure>
  </testcase> <!-- test01 -->
</testsuite> <!-- Command line test -->
