-------------------------------------------------------------------------------
Test set: tests.AmazonTest
-------------------------------------------------------------------------------
Tests run: 1, Failures: 1, Errors: 0, Skipped: 0, Time elapsed: 0.233 sec <<< FAILURE!
test01(tests.AmazonTest)  Time elapsed: 0.01 sec  <<< FAILURE!
java.lang.NullPointerException: Cannot invoke "java.util.Properties.getProperty(String)" because "utilities.ConfigReader.properties" is null
	at utilities.ConfigReader.getProperty(ConfigReader.java:34)
	at utilities.Driver.getDriver(Driver.java:24)
	at tests.AmazonTest.test01(AmazonTest.java:11)

